000 (401580.000.000) 06/01 14:06:38 Job submitted from host: <137.138.44.55:9618?addrs=137.138.44.55-9618+[2001-1458-d00-1a--48]-9618&alias=bigbird17.cern.ch&noUDP&sock=schedd_2910_98af_206>
...
022 (401580.000.000) 06/01 14:24:38 Job disconnected, attempting to reconnect
    Socket between submit and execute hosts closed unexpectedly
    Trying to reconnect to slot1_4@b7g41n8420.cern.ch <188.184.182.134:9618?addrs=188.184.182.134-9618+[2001-1458-301-2b--100-2f3]-9618&noUDP&sock=6485_bfc3_3>
...
024 (401580.000.000) 06/01 14:24:46 Job reconnection failed
    Job not found at execution machine
    Can not reconnect to slot1_4@b7g41n8420.cern.ch, rescheduling job
...
040 (401580.000.000) 06/01 14:26:55 Started transferring input files
	Transferring to host: <188.184.212.71:9618?addrs=188.184.212.71-9618+[2001-1458-301-10c--100-30]-9618&noUDP&sock=20425_0298_271258>
...
040 (401580.000.000) 06/01 14:26:55 Finished transferring input files
...
001 (401580.000.000) 06/01 14:26:56 Job executing on host: <188.184.212.71:9618?addrs=188.184.212.71-9618+[2001-1458-301-10c--100-30]-9618&noUDP&sock=20290_d4b1_3>
...
006 (401580.000.000) 06/01 14:27:05 Image size of job updated: 27056
	27  -  MemoryUsage of job (MB)
	27056  -  ResidentSetSize of job (KB)
...
006 (401580.000.000) 06/01 14:32:06 Image size of job updated: 203088
	141  -  MemoryUsage of job (MB)
	143500  -  ResidentSetSize of job (KB)
...
006 (401580.000.000) 06/01 14:37:07 Image size of job updated: 204580
	142  -  MemoryUsage of job (MB)
	144992  -  ResidentSetSize of job (KB)
...
040 (401580.000.000) 06/01 14:39:04 Started transferring output files
...
040 (401580.000.000) 06/01 14:39:04 Finished transferring output files
...
005 (401580.000.000) 06/01 14:39:05 Job terminated.
	(1) Normal termination (return value 1)
		Usr 0 00:11:34, Sys 0 00:00:05  -  Run Remote Usage
		Usr 0 00:00:00, Sys 0 00:00:00  -  Run Local Usage
		Usr 0 00:11:34, Sys 0 00:00:05  -  Total Remote Usage
		Usr 0 00:00:00, Sys 0 00:00:00  -  Total Local Usage
	1607823  -  Run Bytes Sent By Job
	421739  -  Run Bytes Received By Job
	1607823  -  Total Bytes Sent By Job
	421739  -  Total Bytes Received By Job
	Partitionable Resources :    Usage  Request Allocated 
	   Cpus                 :                 2           
	   Disk (KB)            :     2481      425   3090376 
	   Memory (MB)          :      142     4000      4000 
...
