000 (401571.000.000) 06/01 14:06:11 Job submitted from host: <137.138.44.55:9618?addrs=137.138.44.55-9618+[2001-1458-d00-1a--48]-9618&alias=bigbird17.cern.ch&noUDP&sock=schedd_2910_98af_206>
...
040 (401571.000.000) 06/01 14:26:55 Started transferring input files
	Transferring to host: <188.184.212.71:9618?addrs=188.184.212.71-9618+[2001-1458-301-10c--100-30]-9618&noUDP&sock=20425_0298_271257>
...
040 (401571.000.000) 06/01 14:26:55 Finished transferring input files
...
001 (401571.000.000) 06/01 14:26:56 Job executing on host: <188.184.212.71:9618?addrs=188.184.212.71-9618+[2001-1458-301-10c--100-30]-9618&noUDP&sock=20290_d4b1_3>
...
006 (401571.000.000) 06/01 14:27:05 Image size of job updated: 13916
	14  -  MemoryUsage of job (MB)
	13916  -  ResidentSetSize of job (KB)
...
006 (401571.000.000) 06/01 14:32:06 Image size of job updated: 145512
	139  -  MemoryUsage of job (MB)
	141388  -  ResidentSetSize of job (KB)
...
006 (401571.000.000) 06/01 14:37:07 Image size of job updated: 147032
	140  -  MemoryUsage of job (MB)
	142908  -  ResidentSetSize of job (KB)
...
040 (401571.000.000) 06/01 14:39:46 Started transferring output files
...
040 (401571.000.000) 06/01 14:39:46 Finished transferring output files
...
005 (401571.000.000) 06/01 14:39:46 Job terminated.
	(1) Normal termination (return value 1)
		Usr 0 00:12:12, Sys 0 00:00:05  -  Run Remote Usage
		Usr 0 00:00:00, Sys 0 00:00:00  -  Run Local Usage
		Usr 0 00:12:12, Sys 0 00:00:05  -  Total Remote Usage
		Usr 0 00:00:00, Sys 0 00:00:00  -  Total Local Usage
	848148  -  Run Bytes Sent By Job
	422148  -  Run Bytes Received By Job
	848148  -  Total Bytes Sent By Job
	422148  -  Total Bytes Received By Job
	Partitionable Resources :    Usage  Request Allocated 
	   Cpus                 :                 2           
	   Disk (KB)            :     1739      425   3090201 
	   Memory (MB)          :      140     4000      4000 
...
