000 (401579.000.000) 06/01 14:06:33 Job submitted from host: <137.138.44.55:9618?addrs=137.138.44.55-9618+[2001-1458-d00-1a--48]-9618&alias=bigbird17.cern.ch&noUDP&sock=schedd_2910_98af_206>
...
040 (401579.000.000) 06/01 14:24:38 Started transferring input files
	Transferring to host: <188.184.139.185:9618?addrs=188.184.139.185-9618+[2001-1458-301-45--100-1b5]-9618&noUDP&sock=23633_561a_12476>
...
040 (401579.000.000) 06/01 14:24:38 Finished transferring input files
...
001 (401579.000.000) 06/01 14:24:39 Job executing on host: <188.184.139.185:9618?addrs=188.184.139.185-9618+[2001-1458-301-45--100-1b5]-9618&noUDP&sock=5616_aff6_3>
...
006 (401579.000.000) 06/01 14:24:48 Image size of job updated: 68400
	67  -  MemoryUsage of job (MB)
	68020  -  ResidentSetSize of job (KB)
...
006 (401579.000.000) 06/01 14:29:49 Image size of job updated: 211200
	143  -  MemoryUsage of job (MB)
	145416  -  ResidentSetSize of job (KB)
...
006 (401579.000.000) 06/01 14:34:49 Image size of job updated: 212216
	143  -  MemoryUsage of job (MB)
	146432  -  ResidentSetSize of job (KB)
...
040 (401579.000.000) 06/01 14:37:35 Started transferring output files
...
040 (401579.000.000) 06/01 14:37:35 Finished transferring output files
...
005 (401579.000.000) 06/01 14:37:36 Job terminated.
	(1) Normal termination (return value 1)
		Usr 0 00:12:37, Sys 0 00:00:05  -  Run Remote Usage
		Usr 0 00:00:00, Sys 0 00:00:00  -  Run Local Usage
		Usr 0 00:12:37, Sys 0 00:00:05  -  Total Remote Usage
		Usr 0 00:00:00, Sys 0 00:00:00  -  Total Local Usage
	1511829  -  Run Bytes Sent By Job
	421738  -  Run Bytes Received By Job
	1511829  -  Total Bytes Sent By Job
	421738  -  Total Bytes Received By Job
	Partitionable Resources :    Usage  Request Allocated 
	   Cpus                 :     1.00        2         2 
	   Disk (KB)            :  2394         425    304438 
	   Memory (MB)          :   143        4000      4000 
...
