000 (401572.000.000) 06/01 14:06:13 Job submitted from host: <137.138.44.55:9618?addrs=137.138.44.55-9618+[2001-1458-d00-1a--48]-9618&alias=bigbird17.cern.ch&noUDP&sock=schedd_2910_98af_206>
...
040 (401572.000.000) 06/01 14:26:55 Started transferring input files
	Transferring to host: <128.142.70.170:9618?addrs=128.142.70.170-9618+[--1]-9618&noUDP&sock=1981_8b2a_6352>
...
040 (401572.000.000) 06/01 14:26:55 Finished transferring input files
...
001 (401572.000.000) 06/01 14:26:56 Job executing on host: <128.142.70.170:9618?addrs=128.142.70.170-9618+[--1]-9618&noUDP&sock=1407_a9d7_3>
...
006 (401572.000.000) 06/01 14:27:04 Image size of job updated: 33968
	34  -  MemoryUsage of job (MB)
	33936  -  ResidentSetSize of job (KB)
...
006 (401572.000.000) 06/01 14:32:04 Image size of job updated: 205000
	138  -  MemoryUsage of job (MB)
	141272  -  ResidentSetSize of job (KB)
...
006 (401572.000.000) 06/01 14:37:05 Image size of job updated: 206628
	140  -  MemoryUsage of job (MB)
	142900  -  ResidentSetSize of job (KB)
...
040 (401572.000.000) 06/01 14:39:35 Started transferring output files
...
040 (401572.000.000) 06/01 14:39:35 Finished transferring output files
...
005 (401572.000.000) 06/01 14:39:35 Job terminated.
	(1) Normal termination (return value 1)
		Usr 0 00:11:56, Sys 0 00:00:06  -  Run Remote Usage
		Usr 0 00:00:00, Sys 0 00:00:00  -  Run Local Usage
		Usr 0 00:11:56, Sys 0 00:00:06  -  Total Remote Usage
		Usr 0 00:00:00, Sys 0 00:00:00  -  Total Local Usage
	1103911  -  Run Bytes Sent By Job
	422148  -  Run Bytes Received By Job
	1103911  -  Total Bytes Sent By Job
	422148  -  Total Bytes Received By Job
	Partitionable Resources :    Usage  Request Allocated 
	   Cpus                 :                 2           
	   Disk (KB)            :     1988      425   2853632 
	   Memory (MB)          :      140     4000      4000 
...
