000 (401578.000.000) 06/01 14:06:31 Job submitted from host: <137.138.44.55:9618?addrs=137.138.44.55-9618+[2001-1458-d00-1a--48]-9618&alias=bigbird17.cern.ch&noUDP&sock=schedd_2910_98af_206>
...
040 (401578.000.000) 06/01 14:26:55 Started transferring input files
	Transferring to host: <128.142.64.89:9618?addrs=128.142.64.89-9618&noUDP&sock=2297_31b6_6658>
...
040 (401578.000.000) 06/01 14:26:55 Finished transferring input files
...
001 (401578.000.000) 06/01 14:26:56 Job executing on host: <128.142.64.89:9618?addrs=128.142.64.89-9618&noUDP&sock=1934_2440_3>
...
006 (401578.000.000) 06/01 14:27:05 Image size of job updated: 11180
	11  -  MemoryUsage of job (MB)
	11148  -  ResidentSetSize of job (KB)
...
006 (401578.000.000) 06/01 14:32:05 Image size of job updated: 158832
	139  -  MemoryUsage of job (MB)
	141492  -  ResidentSetSize of job (KB)
...
040 (401578.000.000) 06/01 14:37:35 Started transferring output files
...
040 (401578.000.000) 06/01 14:37:35 Finished transferring output files
...
005 (401578.000.000) 06/01 14:37:35 Job terminated.
	(1) Normal termination (return value 1)
		Usr 0 00:09:41, Sys 0 00:00:05  -  Run Remote Usage
		Usr 0 00:00:00, Sys 0 00:00:00  -  Run Local Usage
		Usr 0 00:09:41, Sys 0 00:00:05  -  Total Remote Usage
		Usr 0 00:00:00, Sys 0 00:00:00  -  Total Local Usage
	1475831  -  Run Bytes Sent By Job
	422146  -  Run Bytes Received By Job
	1475831  -  Total Bytes Sent By Job
	422146  -  Total Bytes Received By Job
	Partitionable Resources :    Usage  Request Allocated 
	   Cpus                 :     1.00        2         2 
	   Disk (KB)            :  2359         425    278130 
	   Memory (MB)          :   139        4000      4000 
...
