WARNING: Developer's area is created for architecture slc6_amd64_gcc700 while your current OS is SLC7.
export SRT_CMSSW_VERSION_SCRAMRTDEL="CMSSW_10_2_16_patch1";
export SRT_SCONS_LIB_DIR_SCRAMRTDEL="/cvmfs/cms.cern.ch/slc6_amd64_gcc700/external/scons/3.0.1/lib";
export SRT_ROOT_INCLUDE_PATH_SCRAMRTDEL="/pool/condor/dir_22321/CMSSW_10_2_16_patch1/src:/cvmfs/cms.cern.ch/slc6_amd64_gcc700/cms/cmssw-patch/CMSSW_10_2_16_patch1/src:/cvmfs/cms.cern.ch/slc6_amd64_gcc700/cms/cmssw/CMSSW_10_2_16/src:/cvmfs/cms.cern.ch/slc6_amd64_gcc700/cms/cmssw/CMSSW_10_2_16/include/slc6_amd64_gcc700/include:/cvmfs/cms.cern.ch/slc6_amd64_gcc700/cms/coral/CORAL_2_3_21-gnimlf9/include/LCG:/cvmfs/cms.cern.ch/slc6_amd64_gcc700/external/mctester/1.25.0a-gnimlf6/include:/cvmfs/cms.cern.ch/slc6_amd64_gcc700/lcg/root/6.12.07-gnimlf5/include:/cvmfs/cms.cern.ch/slc6_amd64_gcc700/external/dd4hep/v01-08x-gnimlf2/include:/cvmfs/cms.cern.ch/slc6_amd64_gcc700/external/qt/4.8.7-omkpbe2/include/QtDesigner:/cvmfs/cms.cern.ch/slc6_amd64_gcc700/external/herwigpp/7.1.4-gnimlf3/include:/cvmfs/cms.cern.ch/slc6_amd64_gcc700/external/tauolapp/1.1.5-gnimlf5/include:/cvmfs/cms.cern.ch/slc6_amd64_gcc700/external/charybdis/1.003-gnimlf3/include:/cvmfs/cms.cern.ch/slc6_amd64_gcc700/external/sherpa/2.2.6-gnimlf/include/SHERPA-MC:/cvmfs/cms.cern.ch/slc6_amd64_gcc700/external/qt/4.8.7-omkpbe2/include/QtOpenGL:/cvmfs/cms.cern.ch/slc6_amd64_gcc700/external/qt/4.8.7-omkpbe2/include/QtGui:/cvmfs/cms.cern.ch/slc6_amd64_gcc700/external/thepeg/2.1.4-gnimlf2/include:/cvmfs/cms.cern.ch/slc6_amd64_gcc700/external/pythia8/230-gnimlf5/include:/cvmfs/cms.cern.ch/slc6_amd64_gcc700/external/herwig/6.521-gnimlf3/include:/cvmfs/cms.cern.ch/slc6_amd64_gcc700/external/rivet/2.5.4-gnimlf6/include:/cvmfs/cms.cern.ch/slc6_amd64_gcc700/external/qt/4.8.7-omkpbe2/include/Qt3Support:/cvmfs/cms.cern.ch/slc6_amd64_gcc700/external/lwtnn/2.4-gnimlf4/include:/cvmfs/cms.cern.ch/slc6_amd64_gcc700/external/geant4/10.04-gnimlf3/include/Geant4:/cvmfs/cms.cern.ch/slc6_amd64_gcc700/external/classlib/3.1.3-omkpbe2/include:/cvmfs/cms.cern.ch/slc6_amd64_gcc700/external/lhapdf/6.2.1-gnimlf3/include:/cvmfs/cms.cern.ch/slc6_amd64_gcc700/external/cgal/4.2-gnimlf2/include:/cvmfs/cms.cern.ch/slc6_amd64_gcc700/external/tkonlinesw/4.2.0-1_gcc7-gnimlf6/include:/cvmfs/cms.cern.ch/slc6_amd64_gcc700/external/starlight/r193-gnimlf/include:/cvmfs/cms.cern.ch/slc6_amd64_gcc700/external/qt/4.8.7-omkpbe2/include:/cvmfs/cms.cern.ch/slc6_amd64_gcc700/external/qt/4.8.7-omkpbe2/include/Qt:/cvmfs/cms.cern.ch/slc6_amd64_gcc700/external/qt/4.8.7-omkpbe2/include/QtCore:/cvmfs/cms.cern.ch/slc6_amd64_gcc700/external/qt/4.8.7-omkpbe2/include/QtXml:/cvmfs/cms.cern.ch/slc6_amd64_gcc700/external/mcdb/1.0.3-omkpbe2/interface:/cvmfs/cms.cern.ch/slc6_amd64_gcc700/external/libungif/4.1.4-omkpbe2/include:/cvmfs/cms.cern.ch/slc6_amd64_gcc700/external/libtiff/4.0.3-omkpbe2/include:/cvmfs/cms.cern.ch/slc6_amd64_gcc700/external/libpng/1.6.16-omkpbe2/include:/cvmfs/cms.cern.ch/slc6_amd64_gcc700/external/frontier_client/2.8.20-omkpbe4/include:/cvmfs/cms.cern.ch/slc6_amd64_gcc700/external/pcre/8.37-omkpbe2/include:/cvmfs/cms.cern.ch/slc6_amd64_gcc700/external/boost/1.63.0-gnimlf/include:/cvmfs/cms.cern.ch/slc6_amd64_gcc700/external/xrootd/4.8.3-gnimlf/include/xrootd/private:/cvmfs/cms.cern.ch/slc6_amd64_gcc700/cms/vdt/0.4.0-gnimlf/include:/cvmfs/cms.cern.ch/slc6_amd64_gcc700/external/valgrind/3.13.0-omkpbe2/include:/cvmfs/cms.cern.ch/slc6_amd64_gcc700/external/utm/utm_0.7.1-gnimlf/include:/cvmfs/cms.cern.ch/slc6_amd64_gcc700/external/toprex/4.23-omkpbe2/include:/cvmfs/cms.cern.ch/slc6_amd64_gcc700/external/tbb/2018_U1-omkpbe2/include:/cvmfs/cms.cern.ch/slc6_amd64_gcc700/external/tauola/27.121.5-omkpbe2/include:/cvmfs/cms.cern.ch/slc6_amd64_gcc700/external/sigcpp/2.6.2-omkpbe2/include/sigc++-2.0:/cvmfs/cms.cern.ch/slc6_amd64_gcc700/external/sqlite/3.22.0-omkpbe/include:/cvmfs/cms.cern.ch/slc6_amd64_gcc700/external/protobuf/3.5.2/include:/cvmfs/cms.cern.ch/slc6_amd64_gcc700/external/pacparser/1.3.5-omkpbe2/include:/cvmfs/cms.cern.ch/slc6_amd64_gcc700/external/oracle/12.1.0.2.0-omkpbe/include:/cvmfs/cms.cern.ch/slc6_amd64_gcc700/external/meschach/1.2.pCMS1-omkpbe2/include:/cvmfs/cms.cern.ch/slc6_amd64_gcc700/external/libuuid/2.22.2-omkpbe2/include:/cvmfs/cms.cern.ch/slc6_amd64_gcc700/external/libhepml/0.2.1-omkpbe2/interface:/cvmfs/cms.cern.ch/slc6_amd64_gcc700/external/ktjet/1.06-gnimlf/include:/cvmfs/cms.cern.ch/slc6_amd64_gcc700/external/jimmy/4.2-gnimlf3/include:/cvmfs/cms.cern.ch/slc6_amd64_gcc700/external/jemalloc/5.1.0/include:/cvmfs/cms.cern.ch/slc6_amd64_gcc700/external/madgraph5amcatnlo/2.6.0-gnimlf9:/cvmfs/cms.cern.ch/slc6_amd64_gcc700/external/heppdt/3.03.00-omkpbe2/include:/cvmfs/cms.cern.ch/slc6_amd64_gcc700/external/hector/1.3.4_patch1-gnimlf6/include:/cvmfs/cms.cern.ch/slc6_amd64_gcc700/external/gsl/2.2.1-omkpbe2/include:/cvmfs/cms.cern.ch/slc6_amd64_gcc700/external/libjpeg-turbo/1.3.1-omkpbe2/include:/cvmfs/cms.cern.ch/slc6_amd64_gcc700/external/giflib/4.2.3-omkpbe2/include:/cvmfs/cms.cern.ch/slc6_amd64_gcc700/external/vecgeom/v00.05.00-gnimlf/include:/cvmfs/cms.cern.ch/slc6_amd64_gcc700/external/gdbm/1.10-omkpbe2/include:/cvmfs/cms.cern.ch/slc6_amd64_gcc700/external/freetype/2.5.3-omkpbe2/include:/cvmfs/cms.cern.ch/slc6_amd64_gcc700/external/fftw3/3.3.2-omkpbe2/include:/cvmfs/cms.cern.ch/slc6_amd64_gcc700/external/fftjet/1.5.0-omkpbe2/include:/cvmfs/cms.cern.ch/slc6_amd64_gcc700/external/fastjet/3.3.0-omkpbe/include:/cvmfs/cms.cern.ch/slc6_amd64_gcc700/external/expat/2.1.0-omkpbe2/include:/cvmfs/cms.cern.ch/slc6_amd64_gcc700/external/dpm/1.8.0.1-omkpbe2/include:/cvmfs/cms.cern.ch/slc6_amd64_gcc700/external/hepmc/2.06.07-omkpbe2/include:/cvmfs/cms.cern.ch/slc6_amd64_gcc700/external/xerces-c/3.1.3-omkpbe2/include:/cvmfs/cms.cern.ch/slc6_amd64_gcc700/external/xz/5.2.2-omkpbe2/include:/cvmfs/cms.cern.ch/slc6_amd64_gcc700/external/dcap/2.47.8-omkpbe2/include:/cvmfs/cms.cern.ch/slc6_amd64_gcc700/external/libxml2/2.9.1-omkpbe2/include/libxml2:/cvmfs/cms.cern.ch/slc6_amd64_gcc700/external/curl/7.59.0/include:/cvmfs/cms.cern.ch/slc6_amd64_gcc700/external/cppunit/1.12.1-omkpbe2/include:/cvmfs/cms.cern.ch/slc6_amd64_gcc700/external/clhep/2.4.0.0-gnimlf/include:/cvmfs/cms.cern.ch/slc6_amd64_gcc700/external/openssl/1.0.2d-omkpbe2/include:/cvmfs/cms.cern.ch/slc6_amd64_gcc700/external/pythia6/426-omkpbe2/include:/cvmfs/cms.cern.ch/slc6_amd64_gcc700/external/photos/215.5-omkpbe2/include:/cvmfs/cms.cern.ch/slc6_amd64_gcc700/external/zlib-x86_64/1.2.11-omkpbe2/include:/cvmfs/cms.cern.ch/slc6_amd64_gcc700/external/cascade/2.2.04-gnimlf3/include:/cvmfs/cms.cern.ch/slc6_amd64_gcc700/external/bz2lib/1.0.6-omkpbe2/include:/cvmfs/cms.cern.ch/slc6_amd64_gcc700/external/python/2.7.14-omkpbe4/include/python2.7:/cvmfs/cms.cern.ch/slc6_amd64_gcc700/external/tinyxml2/6.2.0/include:/cvmfs/cms.cern.ch/slc6_amd64_gcc700/external/ittnotify/16.06.18-gnimlf/include:/cvmfs/cms.cern.ch/slc6_amd64_gcc700/external/gosamcontrib/2.0-20150803-omkpbe2/include:/usr/local/include:/usr/include";
export SRT_GCC_RUNTIME_TSAN_SCRAMRTDEL="/cvmfs/cms.cern.ch/slc6_amd64_gcc700/external/gcc/7.0.0-omkpbe2/lib64/libtsan.so";
export SRT_SHERPA_LIBRARY_PATH_SCRAMRTDEL="/cvmfs/cms.cern.ch/slc6_amd64_gcc700/external/sherpa/2.2.6-gnimlf/lib/SHERPA-MC";
export SRT_CMSSW_FULL_RELEASE_BASE_SCRAMRTDEL="/cvmfs/cms.cern.ch/slc6_amd64_gcc700/cms/cmssw/CMSSW_10_2_16";
export SRT_GIT_SSL_CAINFO_SCRAMRTDEL="/cvmfs/cms.cern.ch/slc6_amd64_gcc700/external/git/2.17.0/share/ssl/certs/ca-bundle.crt";
export SRT_CMSSW_DATA_PATH_SCRAMRTDEL="/cvmfs/cms.cern.ch/slc6_amd64_gcc700/cms";
export SRT_LANG_SCRAMRT="C";
export SRT_VALGRIND_LIB_SCRAMRTDEL="/cvmfs/cms.cern.ch/slc6_amd64_gcc700/external/valgrind/3.13.0-omkpbe2/lib/valgrind";
export SRT_TEXMFHOME_SCRAMRTDEL="/cvmfs/cms.cern.ch/slc6_amd64_gcc700/external/rivet/2.5.4-gnimlf6/share/Rivet/texmf";
export SRT_CSC_TRACK_FINDER_DATA_DIR_SCRAMRTDEL="/cvmfs/cms.cern.ch/slc6_amd64_gcc700/cms/CSCTrackFinderEmulation/1.2-omkpbe2/data/";
export SRT_CMS_ORACLEOCCI_LIB_SCRAMRTDEL="/cvmfs/cms.cern.ch/slc6_amd64_gcc700/cms/cms_oracleocci_abi_hack/20180210-omkpbe/lib/libcms_oracleocci_abi_hack.so";
export SRT_G4NEUTRONXSDATA_SCRAMRTDEL="/cvmfs/cms.cern.ch/slc6_amd64_gcc700/external/geant4-G4NEUTRONXS/1.4/data/G4NEUTRONXS1.4";
export SRT_GCC_RUNTIME_ASAN_SCRAMRTDEL="/cvmfs/cms.cern.ch/slc6_amd64_gcc700/external/gcc/7.0.0-omkpbe2/lib64/libasan.so";
export SRT_PYTHON27PATH_SCRAMRTDEL="/pool/condor/dir_22321/CMSSW_10_2_16_patch1/python:/pool/condor/dir_22321/CMSSW_10_2_16_patch1/lib/slc6_amd64_gcc700:/cvmfs/cms.cern.ch/slc6_amd64_gcc700/cms/cmssw-patch/CMSSW_10_2_16_patch1/python:/cvmfs/cms.cern.ch/slc6_amd64_gcc700/cms/cmssw-patch/CMSSW_10_2_16_patch1/lib/slc6_amd64_gcc700:/cvmfs/cms.cern.ch/slc6_amd64_gcc700/cms/cmssw/CMSSW_10_2_16/bin/slc6_amd64_gcc700:/cvmfs/cms.cern.ch/slc6_amd64_gcc700/cms/cmssw/CMSSW_10_2_16/lib/slc6_amd64_gcc700:/cvmfs/cms.cern.ch/slc6_amd64_gcc700/cms/coral/CORAL_2_3_21-gnimlf9/slc6_amd64_gcc700/python:/cvmfs/cms.cern.ch/slc6_amd64_gcc700/cms/coral/CORAL_2_3_21-gnimlf9/slc6_amd64_gcc700/lib:/cvmfs/cms.cern.ch/slc6_amd64_gcc700/external/xrootd/4.8.3-gnimlf/lib/python2.7/site-packages:/cvmfs/cms.cern.ch/slc6_amd64_gcc700/external/fastjet/3.3.0-omkpbe/lib/python2.7/site-packages:/cvmfs/cms.cern.ch/slc6_amd64_gcc700/cms/cmssw-patch-tool-conf/CMSSW_10_2_16/lib/python2.7/site-packages";
export SRT_CMSSW_SEARCH_PATH_SCRAMRTDEL="/pool/condor/dir_22321/CMSSW_10_2_16_patch1/src:/pool/condor/dir_22321/CMSSW_10_2_16_patch1/external/slc6_amd64_gcc700/data:/cvmfs/cms.cern.ch/slc6_amd64_gcc700/cms/cmssw-patch/CMSSW_10_2_16_patch1/src:/cvmfs/cms.cern.ch/slc6_amd64_gcc700/cms/cmssw-patch/CMSSW_10_2_16_patch1/external/slc6_amd64_gcc700/data";
export SRT_ROOT_TTREECACHE_PREFILL_SCRAMRTDEL="0";
export SRT_PATH_SCRAMRT="/cvmfs/cms.cern.ch/share/overrides/bin:/pool/condor/dir_22321/CMSSW_10_2_16_patch1/bin/slc6_amd64_gcc700:/pool/condor/dir_22321/CMSSW_10_2_16_patch1/external/slc6_amd64_gcc700/bin:/cvmfs/cms.cern.ch/slc6_amd64_gcc700/cms/cmssw-patch/CMSSW_10_2_16_patch1/bin/slc6_amd64_gcc700:/cvmfs/cms.cern.ch/slc6_amd64_gcc700/cms/cmssw-patch/CMSSW_10_2_16_patch1/external/slc6_amd64_gcc700/bin:/cvmfs/cms.cern.ch/slc6_amd64_gcc700/cms/cmssw/CMSSW_10_2_16/bin/slc6_amd64_gcc700:/cvmfs/cms.cern.ch/slc6_amd64_gcc700/external/llvm/6.0.0-ogkkac/bin:/cvmfs/cms.cern.ch/slc6_amd64_gcc700/external/gcc/7.0.0-omkpbe2/bin";
export SRT_QTINC_SCRAMRTDEL="/cvmfs/cms.cern.ch/slc6_amd64_gcc700/external/qt/4.8.7-omkpbe2/include";
export SRT_LHAPDF_DATA_PATH_SCRAMRTDEL="/cvmfs/cms.cern.ch/slc6_amd64_gcc700/external/lhapdf/6.2.1-gnimlf3/share/LHAPDF";
export SRT_OPAL_PREFIX_SCRAMRTDEL="/cvmfs/cms.cern.ch/slc6_amd64_gcc700/external/openmpi/2.1.5";
export SRT_QTDIR_SCRAMRTDEL="/cvmfs/cms.cern.ch/slc6_amd64_gcc700/external/qt/4.8.7-omkpbe2";
export SRT_CLHEP_PARAM_PATH_SCRAMRTDEL="/cvmfs/cms.cern.ch/slc6_amd64_gcc700/external/clhep/2.4.0.0-gnimlf";
export SRT_G4ENSDFSTATEDATA_SCRAMRTDEL="/cvmfs/cms.cern.ch/slc6_amd64_gcc700/external/geant4-G4ENSDFSTATE/2.2/data/G4ENSDFSTATE2.2";
export SRT_ROOT_PATH_SCRAMRTDEL="/cvmfs/cms.cern.ch/slc6_amd64_gcc700/external/madgraph5amcatnlo/2.6.0-gnimlf9:/cvmfs/cms.cern.ch/slc6_amd64_gcc700/external/gosamcontrib/2.0-20150803-omkpbe2";
export SRT_RIVET_ANALYSIS_PATH_SCRAMRTDEL="/pool/condor/dir_22321/CMSSW_10_2_16_patch1/lib/slc6_amd64_gcc700:/cvmfs/cms.cern.ch/slc6_amd64_gcc700/cms/cmssw-patch/CMSSW_10_2_16_patch1/lib/slc6_amd64_gcc700:/cvmfs/cms.cern.ch/slc6_amd64_gcc700/external/rivet/2.5.4-gnimlf6/lib";
export SRT_GCC_RUNTIME_UBSAN_SCRAMRTDEL="/cvmfs/cms.cern.ch/slc6_amd64_gcc700/external/gcc/7.0.0-omkpbe2/lib64/libubsan.so";
export SRT_THEPEGPATH_SCRAMRTDEL="/cvmfs/cms.cern.ch/slc6_amd64_gcc700/external/thepeg/2.1.4-gnimlf2/share/ThePEG";
export SRT_PYTHON_VALGRIND_SUPP_SCRAMRTDEL="/cvmfs/cms.cern.ch/slc6_amd64_gcc700/external/python/2.7.14-omkpbe4/share/valgrind/valgrind-python.supp";
export SRT_G4LEVELGAMMADATA_SCRAMRTDEL="/cvmfs/cms.cern.ch/slc6_amd64_gcc700/external/geant4-G4PhotonEvaporation/5.2/data/PhotonEvaporation5.2";
export SRT_SCRAM_CXX11_ABI_SCRAMRTDEL="1";
export SRT_INTEL_LICENSE_FILE_SCRAMRTDEL="28518@lxlicen01.cern.ch,28518@lxlicen02.cern.ch,28518@lxlicen03.cern.ch";
export SRT_ROOTSYS_SCRAMRTDEL="/cvmfs/cms.cern.ch/slc6_amd64_gcc700/lcg/root/6.12.07-gnimlf5/";
export SRT_CASCADE_PDFPATH_SCRAMRTDEL="/cvmfs/cms.cern.ch/slc6_amd64_gcc700/external/cascade/2.2.04-gnimlf3/share";
export SRT_VINCIADATA_SCRAMRTDEL="/cvmfs/cms.cern.ch/slc6_amd64_gcc700/external/vincia/2.2.01-gnimlf5/share/Vincia/xmldoc";
export SRT_CMSSW_BASE_SCRAMRTDEL="/pool/condor/dir_22321/CMSSW_10_2_16_patch1";
export SRT_CMSSW_RELEASE_BASE_SCRAMRTDEL="/cvmfs/cms.cern.ch/slc6_amd64_gcc700/cms/cmssw-patch/CMSSW_10_2_16_patch1";
export SRT_G4SAIDXSDATA_SCRAMRTDEL="/cvmfs/cms.cern.ch/slc6_amd64_gcc700/external/geant4-G4SAIDDATA/1.1/data/G4SAIDDATA1.1";
export SRT_GIT_TEMPLATE_DIR_SCRAMRTDEL="/cvmfs/cms.cern.ch/slc6_amd64_gcc700/external/git/2.17.0/share/git-core/templates";
export SRT_GOSAMCONTRIB_PATH_SCRAMRTDEL="/cvmfs/cms.cern.ch/slc6_amd64_gcc700/external/gosamcontrib/2.0-20150803-omkpbe2";
export SRT_HERWIGPATH_SCRAMRTDEL="/cvmfs/cms.cern.ch/slc6_amd64_gcc700/external/herwigpp/7.1.4-gnimlf3/share/Herwig";
export SRT_GENREFLEX_SCRAMRTDEL="/cvmfs/cms.cern.ch/slc6_amd64_gcc700/lcg/root/6.12.07-gnimlf5/bin/genreflex";
export SRT_G4ABLADATA_SCRAMRTDEL="/cvmfs/cms.cern.ch/slc6_amd64_gcc700/external/geant4-G4ABLA/3.0/data/G4ABLA3.0";
export SRT_G4RADIOACTIVEDATA_SCRAMRTDEL="/cvmfs/cms.cern.ch/slc6_amd64_gcc700/external/geant4-G4RadioactiveDecay/5.2/data/RadioactiveDecay5.2";
export SRT_G4NEUTRONHPDATA_SCRAMRTDEL="/cvmfs/cms.cern.ch/slc6_amd64_gcc700/external/geant4-G4NDL/4.5/data/G4NDL4.5";
export SRT_PDFPATH_SCRAMRTDEL="/cvmfs/cms.cern.ch/slc6_amd64_gcc700/external/rivet/2.5.4-gnimlf6/share";
export SRT_EVTGENDATA_SCRAMRTDEL="/cvmfs/cms.cern.ch/slc6_amd64_gcc700/external/evtgen/1.6.0-gnimlf5/share";
export SRT_ROOT_GCC_TOOLCHAIN_SCRAMRTDEL="/cvmfs/cms.cern.ch/slc6_amd64_gcc700/external/gcc/7.0.0-omkpbe2";
export SRT_OPENBLAS_NUM_THREADS_SCRAMRTDEL="1";
export SRT_HEPPDT_PARAM_PATH_SCRAMRTDEL="/cvmfs/cms.cern.ch/slc6_amd64_gcc700/external/heppdt/3.03.00-omkpbe2";
export SRT_LOCALRT_SCRAMRTDEL="/pool/condor/dir_22321/CMSSW_10_2_16_patch1";
export SRT_SHERPA_SHARE_PATH_SCRAMRTDEL="/cvmfs/cms.cern.ch/slc6_amd64_gcc700/external/sherpa/2.2.6-gnimlf/share/SHERPA-MC";
export SRT_FRONTIER_CLIENT_SCRAMRTDEL="/cvmfs/cms.cern.ch/slc6_amd64_gcc700/external/frontier_client/2.8.20-omkpbe4/";
export SRT_WORKER_DATA_PATH_SCRAMRTDEL="/cvmfs/cms.cern.ch/slc6_amd64_gcc700/external/blackhat/0.9.9-omkpbe4/share/blackhat/datafiles/";
export SRT_GIT_EXEC_PATH_SCRAMRTDEL="/cvmfs/cms.cern.ch/slc6_amd64_gcc700/external/git/2.17.0/libexec/git-core";
export SRT_SHERPA_INCLUDE_PATH_SCRAMRTDEL="/cvmfs/cms.cern.ch/slc6_amd64_gcc700/external/sherpa/2.2.6-gnimlf/include/SHERPA-MC";
export SRT_COMPILER_RUNTIME_OBJECTS_SCRAMRTDEL="/cvmfs/cms.cern.ch/slc6_amd64_gcc700/external/gcc/7.0.0-omkpbe2";
export SCRAMRT_SET="CMSSW:CMSSW_10_2_16_patch1:slc6_amd64_gcc700:V2_2_9_pre07:SRT_";
export SRT_LD_LIBRARY_PATH_SCRAMRTDEL="/pool/condor/dir_22321/CMSSW_10_2_16_patch1/biglib/slc6_amd64_gcc700:/pool/condor/dir_22321/CMSSW_10_2_16_patch1/lib/slc6_amd64_gcc700:/pool/condor/dir_22321/CMSSW_10_2_16_patch1/external/slc6_amd64_gcc700/lib:/cvmfs/cms.cern.ch/slc6_amd64_gcc700/cms/cmssw-patch/CMSSW_10_2_16_patch1/biglib/slc6_amd64_gcc700:/cvmfs/cms.cern.ch/slc6_amd64_gcc700/cms/cmssw-patch/CMSSW_10_2_16_patch1/lib/slc6_amd64_gcc700:/cvmfs/cms.cern.ch/slc6_amd64_gcc700/cms/cmssw-patch/CMSSW_10_2_16_patch1/external/slc6_amd64_gcc700/lib:/cvmfs/cms.cern.ch/slc6_amd64_gcc700/cms/cmssw/CMSSW_10_2_16/biglib/slc6_amd64_gcc700:/cvmfs/cms.cern.ch/slc6_amd64_gcc700/cms/cmssw/CMSSW_10_2_16/lib/slc6_amd64_gcc700:/cvmfs/cms.cern.ch/slc6_amd64_gcc700/external/llvm/6.0.0-ogkkac/lib64:/cvmfs/cms.cern.ch/slc6_amd64_gcc700/external/gcc/7.0.0-omkpbe2/lib64:/cvmfs/cms.cern.ch/slc6_amd64_gcc700/external/gcc/7.0.0-omkpbe2/lib:/cvmfs/cms.cern.ch/slc6_amd64_gcc700/external/cuda/9.2.148/drivers";
export SRT_UTM_XSD_DIR_SCRAMRTDEL="/cvmfs/cms.cern.ch/slc6_amd64_gcc700/external/utm/utm_0.7.1-gnimlf";
export SRT_PYTHON3PATH_SCRAMRTDEL="/pool/condor/dir_22321/CMSSW_10_2_16_patch1/python:/pool/condor/dir_22321/CMSSW_10_2_16_patch1/lib/slc6_amd64_gcc700:/cvmfs/cms.cern.ch/slc6_amd64_gcc700/cms/cmssw-patch/CMSSW_10_2_16_patch1/python:/cvmfs/cms.cern.ch/slc6_amd64_gcc700/cms/cmssw-patch/CMSSW_10_2_16_patch1/lib/slc6_amd64_gcc700:/cvmfs/cms.cern.ch/slc6_amd64_gcc700/cms/cmssw-patch-tool-conf/CMSSW_10_2_16/lib/python3.6/site-packages";
export SRT_PYTHIA8DATA_SCRAMRTDEL="/cvmfs/cms.cern.ch/slc6_amd64_gcc700/external/pythia8/230-gnimlf5/share/Pythia8/xmldoc";
export SRT_CMSSW_GIT_HASH_SCRAMRTDEL="CMSSW_10_2_16_patch1";
export SRT_CMSSW_FWLITE_INCLUDE_PATH_SCRAMRTDEL="/cvmfs/cms.cern.ch/slc6_amd64_gcc700/external/sherpa/2.2.6-gnimlf/include:/cvmfs/cms.cern.ch/slc6_amd64_gcc700/external/hepmc/2.06.07-omkpbe2/include:/cvmfs/cms.cern.ch/slc6_amd64_gcc700/external/clhep/2.4.0.0-gnimlf/include:/cvmfs/cms.cern.ch/slc6_amd64_gcc700/external/boost/1.63.0-gnimlf/include";
export SRT_PERL5LIB_SCRAMRTDEL="/cvmfs/cms.cern.ch/slc6_amd64_gcc700/external/git/2.17.0/share/perl5";
export SRT_G4LEDATA_SCRAMRTDEL="/cvmfs/cms.cern.ch/slc6_amd64_gcc700/external/geant4-G4EMLOW/7.3/data/G4EMLOW7.3";
export SRT_ROOFITSYS_SCRAMRTDEL="/cvmfs/cms.cern.ch/slc6_amd64_gcc700/lcg/root/6.12.07-gnimlf5/";
export SRT_TNS_ADMIN_SCRAMRTDEL="/etc";
export SRT_QTLIB_SCRAMRTDEL="/cvmfs/cms.cern.ch/slc6_amd64_gcc700/external/qt/4.8.7-omkpbe2/lib";
export SRT_GEANT4_PARFULLCMS_CONFIG_DIR_SCRAMRTDEL="/cvmfs/cms.cern.ch/slc6_amd64_gcc700/external/geant4-parfullcms/2014.01.27-gnimlf3/share/ParFullCMS";
export SRT_G4FORCENUMBEROFTHREADS_SCRAMRTDEL="max";
export SRT_GCC_RUNTIME_LSAN_SCRAMRTDEL="/cvmfs/cms.cern.ch/slc6_amd64_gcc700/external/gcc/7.0.0-omkpbe2/lib64/libasan.so";
export SRT_ROOT_TTREECACHE_SIZE_SCRAMRTDEL="0";
export SRT_CMS_OPENLOOPS_PREFIX_SCRAMRTDEL="/cvmfs/cms.cern.ch/slc6_amd64_gcc700/external/openloops/2.0.0";
export CMSSW_BASE="/pool/condor/dir_22321/CMSSW_10_2_16_patch1";
export CMSSW_VERSION="CMSSW_10_2_16_patch1";
export CMSSW_GIT_HASH="CMSSW_10_2_16_patch1";
export LOCALRT="/pool/condor/dir_22321/CMSSW_10_2_16_patch1";
export LANG="C";
export CMSSW_RELEASE_BASE="/cvmfs/cms.cern.ch/slc6_amd64_gcc700/cms/cmssw-patch/CMSSW_10_2_16_patch1";
export CMSSW_FULL_RELEASE_BASE="/cvmfs/cms.cern.ch/slc6_amd64_gcc700/cms/cmssw/CMSSW_10_2_16";
export ROOFITSYS="/cvmfs/cms.cern.ch/slc6_amd64_gcc700/lcg/root/6.12.07-gnimlf5/";
export EVTGENDATA="/cvmfs/cms.cern.ch/slc6_amd64_gcc700/external/evtgen/1.6.0-gnimlf5/share";
export VINCIADATA="/cvmfs/cms.cern.ch/slc6_amd64_gcc700/external/vincia/2.2.01-gnimlf5/share/Vincia/xmldoc";
export HERWIGPATH="/cvmfs/cms.cern.ch/slc6_amd64_gcc700/external/herwigpp/7.1.4-gnimlf3/share/Herwig";
export GENREFLEX="/cvmfs/cms.cern.ch/slc6_amd64_gcc700/lcg/root/6.12.07-gnimlf5/bin/genreflex";
export THEPEGPATH="/cvmfs/cms.cern.ch/slc6_amd64_gcc700/external/thepeg/2.1.4-gnimlf2/share/ThePEG";
export PYTHIA8DATA="/cvmfs/cms.cern.ch/slc6_amd64_gcc700/external/pythia8/230-gnimlf5/share/Pythia8/xmldoc";
export CMS_ORACLEOCCI_LIB="/cvmfs/cms.cern.ch/slc6_amd64_gcc700/cms/cms_oracleocci_abi_hack/20180210-omkpbe/lib/libcms_oracleocci_abi_hack.so";
export LHAPDF_DATA_PATH="/cvmfs/cms.cern.ch/slc6_amd64_gcc700/external/lhapdf/6.2.1-gnimlf3/share/LHAPDF";
export FRONTIER_CLIENT="/cvmfs/cms.cern.ch/slc6_amd64_gcc700/external/frontier_client/2.8.20-omkpbe4/";
export CASCADE_PDFPATH="/cvmfs/cms.cern.ch/slc6_amd64_gcc700/external/cascade/2.2.04-gnimlf3/share";
export VALGRIND_LIB="/cvmfs/cms.cern.ch/slc6_amd64_gcc700/external/valgrind/3.13.0-omkpbe2/lib/valgrind";
export UTM_XSD_DIR="/cvmfs/cms.cern.ch/slc6_amd64_gcc700/external/utm/utm_0.7.1-gnimlf";
export TNS_ADMIN="/etc";
export HEPPDT_PARAM_PATH="/cvmfs/cms.cern.ch/slc6_amd64_gcc700/external/heppdt/3.03.00-omkpbe2";
export ROOT_TTREECACHE_SIZE="0";
export ROOTSYS="/cvmfs/cms.cern.ch/slc6_amd64_gcc700/lcg/root/6.12.07-gnimlf5/";
export ROOT_TTREECACHE_PREFILL="0";
export CLHEP_PARAM_PATH="/cvmfs/cms.cern.ch/slc6_amd64_gcc700/external/clhep/2.4.0.0-gnimlf";
export SCONS_LIB_DIR="/cvmfs/cms.cern.ch/slc6_amd64_gcc700/external/scons/3.0.1/lib";
export OPAL_PREFIX="/cvmfs/cms.cern.ch/slc6_amd64_gcc700/external/openmpi/2.1.5";
export OPENBLAS_NUM_THREADS="1";
export G4FORCENUMBEROFTHREADS="max";
export CSC_TRACK_FINDER_DATA_DIR="/cvmfs/cms.cern.ch/slc6_amd64_gcc700/cms/CSCTrackFinderEmulation/1.2-omkpbe2/data/";
export COMPILER_RUNTIME_OBJECTS="/cvmfs/cms.cern.ch/slc6_amd64_gcc700/external/gcc/7.0.0-omkpbe2";
export SCRAM_CXX11_ABI="1";
export QTINC="/cvmfs/cms.cern.ch/slc6_amd64_gcc700/external/qt/4.8.7-omkpbe2/include";
export CMSSW_FWLITE_INCLUDE_PATH="/cvmfs/cms.cern.ch/slc6_amd64_gcc700/external/sherpa/2.2.6-gnimlf/include:/cvmfs/cms.cern.ch/slc6_amd64_gcc700/external/hepmc/2.06.07-omkpbe2/include:/cvmfs/cms.cern.ch/slc6_amd64_gcc700/external/clhep/2.4.0.0-gnimlf/include:/cvmfs/cms.cern.ch/slc6_amd64_gcc700/external/boost/1.63.0-gnimlf/include";
export GOSAMCONTRIB_PATH="/cvmfs/cms.cern.ch/slc6_amd64_gcc700/external/gosamcontrib/2.0-20150803-omkpbe2";
export G4SAIDXSDATA="/cvmfs/cms.cern.ch/slc6_amd64_gcc700/external/geant4-G4SAIDDATA/1.1/data/G4SAIDDATA1.1";
export PDFPATH="/cvmfs/cms.cern.ch/slc6_amd64_gcc700/external/rivet/2.5.4-gnimlf6/share";
export ROOT_GCC_TOOLCHAIN="/cvmfs/cms.cern.ch/slc6_amd64_gcc700/external/gcc/7.0.0-omkpbe2";
export PYTHON_VALGRIND_SUPP="/cvmfs/cms.cern.ch/slc6_amd64_gcc700/external/python/2.7.14-omkpbe4/share/valgrind/valgrind-python.supp";
export G4NEUTRONXSDATA="/cvmfs/cms.cern.ch/slc6_amd64_gcc700/external/geant4-G4NEUTRONXS/1.4/data/G4NEUTRONXS1.4";
export GCC_RUNTIME_LSAN="/cvmfs/cms.cern.ch/slc6_amd64_gcc700/external/gcc/7.0.0-omkpbe2/lib64/libasan.so";
export CMSSW_DATA_PATH="/cvmfs/cms.cern.ch/slc6_amd64_gcc700/cms";
export GIT_EXEC_PATH="/cvmfs/cms.cern.ch/slc6_amd64_gcc700/external/git/2.17.0/libexec/git-core";
export SHERPA_LIBRARY_PATH="/cvmfs/cms.cern.ch/slc6_amd64_gcc700/external/sherpa/2.2.6-gnimlf/lib/SHERPA-MC";
export TEXMFHOME="/cvmfs/cms.cern.ch/slc6_amd64_gcc700/external/rivet/2.5.4-gnimlf6/share/Rivet/texmf";
export GIT_SSL_CAINFO="/cvmfs/cms.cern.ch/slc6_amd64_gcc700/external/git/2.17.0/share/ssl/certs/ca-bundle.crt";
export SHERPA_INCLUDE_PATH="/cvmfs/cms.cern.ch/slc6_amd64_gcc700/external/sherpa/2.2.6-gnimlf/include/SHERPA-MC";
export QTLIB="/cvmfs/cms.cern.ch/slc6_amd64_gcc700/external/qt/4.8.7-omkpbe2/lib";
export GEANT4_PARFULLCMS_CONFIG_DIR="/cvmfs/cms.cern.ch/slc6_amd64_gcc700/external/geant4-parfullcms/2014.01.27-gnimlf3/share/ParFullCMS";
export PERL5LIB="/cvmfs/cms.cern.ch/slc6_amd64_gcc700/external/git/2.17.0/share/perl5";
export PATH="/cvmfs/cms.cern.ch/share/overrides/bin:/pool/condor/dir_22321/CMSSW_10_2_16_patch1/bin/slc6_amd64_gcc700:/pool/condor/dir_22321/CMSSW_10_2_16_patch1/external/slc6_amd64_gcc700/bin:/cvmfs/cms.cern.ch/slc6_amd64_gcc700/cms/cmssw-patch/CMSSW_10_2_16_patch1/bin/slc6_amd64_gcc700:/cvmfs/cms.cern.ch/slc6_amd64_gcc700/cms/cmssw-patch/CMSSW_10_2_16_patch1/external/slc6_amd64_gcc700/bin:/cvmfs/cms.cern.ch/slc6_amd64_gcc700/cms/cmssw/CMSSW_10_2_16/bin/slc6_amd64_gcc700:/cvmfs/cms.cern.ch/slc6_amd64_gcc700/external/llvm/6.0.0-ogkkac/bin:/cvmfs/cms.cern.ch/slc6_amd64_gcc700/external/gcc/7.0.0-omkpbe2/bin:/afs/cern.ch/cms/caf/scripts:/cvmfs/cms.cern.ch/common:/afs/cern.ch/cms/caf/scripts:/cvmfs/cms.cern.ch/common:/usr/sue/bin:/bin:/usr/condabin:/usr/local/bin:/usr/bin:/usr/local/sbin:/usr/sbin:/opt/puppetlabs/bin";
export CMSSW_SEARCH_PATH="/pool/condor/dir_22321/CMSSW_10_2_16_patch1/src:/pool/condor/dir_22321/CMSSW_10_2_16_patch1/external/slc6_amd64_gcc700/data:/cvmfs/cms.cern.ch/slc6_amd64_gcc700/cms/cmssw-patch/CMSSW_10_2_16_patch1/src:/cvmfs/cms.cern.ch/slc6_amd64_gcc700/cms/cmssw-patch/CMSSW_10_2_16_patch1/external/slc6_amd64_gcc700/data";
export ROOT_PATH="/cvmfs/cms.cern.ch/slc6_amd64_gcc700/external/madgraph5amcatnlo/2.6.0-gnimlf9:/cvmfs/cms.cern.ch/slc6_amd64_gcc700/external/gosamcontrib/2.0-20150803-omkpbe2";
export INTEL_LICENSE_FILE="28518@lxlicen01.cern.ch,28518@lxlicen02.cern.ch,28518@lxlicen03.cern.ch";
export RIVET_ANALYSIS_PATH="/pool/condor/dir_22321/CMSSW_10_2_16_patch1/lib/slc6_amd64_gcc700:/cvmfs/cms.cern.ch/slc6_amd64_gcc700/cms/cmssw-patch/CMSSW_10_2_16_patch1/lib/slc6_amd64_gcc700:/cvmfs/cms.cern.ch/slc6_amd64_gcc700/external/rivet/2.5.4-gnimlf6/lib";
export G4LEVELGAMMADATA="/cvmfs/cms.cern.ch/slc6_amd64_gcc700/external/geant4-G4PhotonEvaporation/5.2/data/PhotonEvaporation5.2";
export LD_LIBRARY_PATH="/pool/condor/dir_22321/CMSSW_10_2_16_patch1/biglib/slc6_amd64_gcc700:/pool/condor/dir_22321/CMSSW_10_2_16_patch1/lib/slc6_amd64_gcc700:/pool/condor/dir_22321/CMSSW_10_2_16_patch1/external/slc6_amd64_gcc700/lib:/cvmfs/cms.cern.ch/slc6_amd64_gcc700/cms/cmssw-patch/CMSSW_10_2_16_patch1/biglib/slc6_amd64_gcc700:/cvmfs/cms.cern.ch/slc6_amd64_gcc700/cms/cmssw-patch/CMSSW_10_2_16_patch1/lib/slc6_amd64_gcc700:/cvmfs/cms.cern.ch/slc6_amd64_gcc700/cms/cmssw-patch/CMSSW_10_2_16_patch1/external/slc6_amd64_gcc700/lib:/cvmfs/cms.cern.ch/slc6_amd64_gcc700/cms/cmssw/CMSSW_10_2_16/biglib/slc6_amd64_gcc700:/cvmfs/cms.cern.ch/slc6_amd64_gcc700/cms/cmssw/CMSSW_10_2_16/lib/slc6_amd64_gcc700:/cvmfs/cms.cern.ch/slc6_amd64_gcc700/external/llvm/6.0.0-ogkkac/lib64:/cvmfs/cms.cern.ch/slc6_amd64_gcc700/external/gcc/7.0.0-omkpbe2/lib64:/cvmfs/cms.cern.ch/slc6_amd64_gcc700/external/gcc/7.0.0-omkpbe2/lib:/cvmfs/cms.cern.ch/slc6_amd64_gcc700/external/cuda/9.2.148/drivers";
export GIT_TEMPLATE_DIR="/cvmfs/cms.cern.ch/slc6_amd64_gcc700/external/git/2.17.0/share/git-core/templates";
export GCC_RUNTIME_ASAN="/cvmfs/cms.cern.ch/slc6_amd64_gcc700/external/gcc/7.0.0-omkpbe2/lib64/libasan.so";
export G4ABLADATA="/cvmfs/cms.cern.ch/slc6_amd64_gcc700/external/geant4-G4ABLA/3.0/data/G4ABLA3.0";
export CMS_OPENLOOPS_PREFIX="/cvmfs/cms.cern.ch/slc6_amd64_gcc700/external/openloops/2.0.0";
export QTDIR="/cvmfs/cms.cern.ch/slc6_amd64_gcc700/external/qt/4.8.7-omkpbe2";
export G4RADIOACTIVEDATA="/cvmfs/cms.cern.ch/slc6_amd64_gcc700/external/geant4-G4RadioactiveDecay/5.2/data/RadioactiveDecay5.2";
export PYTHON3PATH="/pool/condor/dir_22321/CMSSW_10_2_16_patch1/python:/pool/condor/dir_22321/CMSSW_10_2_16_patch1/lib/slc6_amd64_gcc700:/cvmfs/cms.cern.ch/slc6_amd64_gcc700/cms/cmssw-patch/CMSSW_10_2_16_patch1/python:/cvmfs/cms.cern.ch/slc6_amd64_gcc700/cms/cmssw-patch/CMSSW_10_2_16_patch1/lib/slc6_amd64_gcc700:/cvmfs/cms.cern.ch/slc6_amd64_gcc700/cms/cmssw-patch-tool-conf/CMSSW_10_2_16/lib/python3.6/site-packages";
export ROOT_INCLUDE_PATH="/pool/condor/dir_22321/CMSSW_10_2_16_patch1/src:/cvmfs/cms.cern.ch/slc6_amd64_gcc700/cms/cmssw-patch/CMSSW_10_2_16_patch1/src:/cvmfs/cms.cern.ch/slc6_amd64_gcc700/cms/cmssw/CMSSW_10_2_16/src:/cvmfs/cms.cern.ch/slc6_amd64_gcc700/cms/cmssw/CMSSW_10_2_16/include/slc6_amd64_gcc700/include:/cvmfs/cms.cern.ch/slc6_amd64_gcc700/cms/coral/CORAL_2_3_21-gnimlf9/include/LCG:/cvmfs/cms.cern.ch/slc6_amd64_gcc700/external/mctester/1.25.0a-gnimlf6/include:/cvmfs/cms.cern.ch/slc6_amd64_gcc700/lcg/root/6.12.07-gnimlf5/include:/cvmfs/cms.cern.ch/slc6_amd64_gcc700/external/dd4hep/v01-08x-gnimlf2/include:/cvmfs/cms.cern.ch/slc6_amd64_gcc700/external/qt/4.8.7-omkpbe2/include/QtDesigner:/cvmfs/cms.cern.ch/slc6_amd64_gcc700/external/herwigpp/7.1.4-gnimlf3/include:/cvmfs/cms.cern.ch/slc6_amd64_gcc700/external/tauolapp/1.1.5-gnimlf5/include:/cvmfs/cms.cern.ch/slc6_amd64_gcc700/external/charybdis/1.003-gnimlf3/include:/cvmfs/cms.cern.ch/slc6_amd64_gcc700/external/sherpa/2.2.6-gnimlf/include/SHERPA-MC:/cvmfs/cms.cern.ch/slc6_amd64_gcc700/external/qt/4.8.7-omkpbe2/include/QtOpenGL:/cvmfs/cms.cern.ch/slc6_amd64_gcc700/external/qt/4.8.7-omkpbe2/include/QtGui:/cvmfs/cms.cern.ch/slc6_amd64_gcc700/external/thepeg/2.1.4-gnimlf2/include:/cvmfs/cms.cern.ch/slc6_amd64_gcc700/external/pythia8/230-gnimlf5/include:/cvmfs/cms.cern.ch/slc6_amd64_gcc700/external/herwig/6.521-gnimlf3/include:/cvmfs/cms.cern.ch/slc6_amd64_gcc700/external/rivet/2.5.4-gnimlf6/include:/cvmfs/cms.cern.ch/slc6_amd64_gcc700/external/qt/4.8.7-omkpbe2/include/Qt3Support:/cvmfs/cms.cern.ch/slc6_amd64_gcc700/external/lwtnn/2.4-gnimlf4/include:/cvmfs/cms.cern.ch/slc6_amd64_gcc700/external/geant4/10.04-gnimlf3/include/Geant4:/cvmfs/cms.cern.ch/slc6_amd64_gcc700/external/classlib/3.1.3-omkpbe2/include:/cvmfs/cms.cern.ch/slc6_amd64_gcc700/external/lhapdf/6.2.1-gnimlf3/include:/cvmfs/cms.cern.ch/slc6_amd64_gcc700/external/cgal/4.2-gnimlf2/include:/cvmfs/cms.cern.ch/slc6_amd64_gcc700/external/tkonlinesw/4.2.0-1_gcc7-gnimlf6/include:/cvmfs/cms.cern.ch/slc6_amd64_gcc700/external/starlight/r193-gnimlf/include:/cvmfs/cms.cern.ch/slc6_amd64_gcc700/external/qt/4.8.7-omkpbe2/include:/cvmfs/cms.cern.ch/slc6_amd64_gcc700/external/qt/4.8.7-omkpbe2/include/Qt:/cvmfs/cms.cern.ch/slc6_amd64_gcc700/external/qt/4.8.7-omkpbe2/include/QtCore:/cvmfs/cms.cern.ch/slc6_amd64_gcc700/external/qt/4.8.7-omkpbe2/include/QtXml:/cvmfs/cms.cern.ch/slc6_amd64_gcc700/external/mcdb/1.0.3-omkpbe2/interface:/cvmfs/cms.cern.ch/slc6_amd64_gcc700/external/libungif/4.1.4-omkpbe2/include:/cvmfs/cms.cern.ch/slc6_amd64_gcc700/external/libtiff/4.0.3-omkpbe2/include:/cvmfs/cms.cern.ch/slc6_amd64_gcc700/external/libpng/1.6.16-omkpbe2/include:/cvmfs/cms.cern.ch/slc6_amd64_gcc700/external/frontier_client/2.8.20-omkpbe4/include:/cvmfs/cms.cern.ch/slc6_amd64_gcc700/external/pcre/8.37-omkpbe2/include:/cvmfs/cms.cern.ch/slc6_amd64_gcc700/external/boost/1.63.0-gnimlf/include:/cvmfs/cms.cern.ch/slc6_amd64_gcc700/external/xrootd/4.8.3-gnimlf/include/xrootd/private:/cvmfs/cms.cern.ch/slc6_amd64_gcc700/cms/vdt/0.4.0-gnimlf/include:/cvmfs/cms.cern.ch/slc6_amd64_gcc700/external/valgrind/3.13.0-omkpbe2/include:/cvmfs/cms.cern.ch/slc6_amd64_gcc700/external/utm/utm_0.7.1-gnimlf/include:/cvmfs/cms.cern.ch/slc6_amd64_gcc700/external/toprex/4.23-omkpbe2/include:/cvmfs/cms.cern.ch/slc6_amd64_gcc700/external/tbb/2018_U1-omkpbe2/include:/cvmfs/cms.cern.ch/slc6_amd64_gcc700/external/tauola/27.121.5-omkpbe2/include:/cvmfs/cms.cern.ch/slc6_amd64_gcc700/external/sigcpp/2.6.2-omkpbe2/include/sigc++-2.0:/cvmfs/cms.cern.ch/slc6_amd64_gcc700/external/sqlite/3.22.0-omkpbe/include:/cvmfs/cms.cern.ch/slc6_amd64_gcc700/external/protobuf/3.5.2/include:/cvmfs/cms.cern.ch/slc6_amd64_gcc700/external/pacparser/1.3.5-omkpbe2/include:/cvmfs/cms.cern.ch/slc6_amd64_gcc700/external/oracle/12.1.0.2.0-omkpbe/include:/cvmfs/cms.cern.ch/slc6_amd64_gcc700/external/meschach/1.2.pCMS1-omkpbe2/include:/cvmfs/cms.cern.ch/slc6_amd64_gcc700/external/libuuid/2.22.2-omkpbe2/include:/cvmfs/cms.cern.ch/slc6_amd64_gcc700/external/libhepml/0.2.1-omkpbe2/interface:/cvmfs/cms.cern.ch/slc6_amd64_gcc700/external/ktjet/1.06-gnimlf/include:/cvmfs/cms.cern.ch/slc6_amd64_gcc700/external/jimmy/4.2-gnimlf3/include:/cvmfs/cms.cern.ch/slc6_amd64_gcc700/external/jemalloc/5.1.0/include:/cvmfs/cms.cern.ch/slc6_amd64_gcc700/external/madgraph5amcatnlo/2.6.0-gnimlf9:/cvmfs/cms.cern.ch/slc6_amd64_gcc700/external/heppdt/3.03.00-omkpbe2/include:/cvmfs/cms.cern.ch/slc6_amd64_gcc700/external/hector/1.3.4_patch1-gnimlf6/include:/cvmfs/cms.cern.ch/slc6_amd64_gcc700/external/gsl/2.2.1-omkpbe2/include:/cvmfs/cms.cern.ch/slc6_amd64_gcc700/external/libjpeg-turbo/1.3.1-omkpbe2/include:/cvmfs/cms.cern.ch/slc6_amd64_gcc700/external/giflib/4.2.3-omkpbe2/include:/cvmfs/cms.cern.ch/slc6_amd64_gcc700/external/vecgeom/v00.05.00-gnimlf/include:/cvmfs/cms.cern.ch/slc6_amd64_gcc700/external/gdbm/1.10-omkpbe2/include:/cvmfs/cms.cern.ch/slc6_amd64_gcc700/external/freetype/2.5.3-omkpbe2/include:/cvmfs/cms.cern.ch/slc6_amd64_gcc700/external/fftw3/3.3.2-omkpbe2/include:/cvmfs/cms.cern.ch/slc6_amd64_gcc700/external/fftjet/1.5.0-omkpbe2/include:/cvmfs/cms.cern.ch/slc6_amd64_gcc700/external/fastjet/3.3.0-omkpbe/include:/cvmfs/cms.cern.ch/slc6_amd64_gcc700/external/expat/2.1.0-omkpbe2/include:/cvmfs/cms.cern.ch/slc6_amd64_gcc700/external/dpm/1.8.0.1-omkpbe2/include:/cvmfs/cms.cern.ch/slc6_amd64_gcc700/external/hepmc/2.06.07-omkpbe2/include:/cvmfs/cms.cern.ch/slc6_amd64_gcc700/external/xerces-c/3.1.3-omkpbe2/include:/cvmfs/cms.cern.ch/slc6_amd64_gcc700/external/xz/5.2.2-omkpbe2/include:/cvmfs/cms.cern.ch/slc6_amd64_gcc700/external/dcap/2.47.8-omkpbe2/include:/cvmfs/cms.cern.ch/slc6_amd64_gcc700/external/libxml2/2.9.1-omkpbe2/include/libxml2:/cvmfs/cms.cern.ch/slc6_amd64_gcc700/external/curl/7.59.0/include:/cvmfs/cms.cern.ch/slc6_amd64_gcc700/external/cppunit/1.12.1-omkpbe2/include:/cvmfs/cms.cern.ch/slc6_amd64_gcc700/external/clhep/2.4.0.0-gnimlf/include:/cvmfs/cms.cern.ch/slc6_amd64_gcc700/external/openssl/1.0.2d-omkpbe2/include:/cvmfs/cms.cern.ch/slc6_amd64_gcc700/external/pythia6/426-omkpbe2/include:/cvmfs/cms.cern.ch/slc6_amd64_gcc700/external/photos/215.5-omkpbe2/include:/cvmfs/cms.cern.ch/slc6_amd64_gcc700/external/zlib-x86_64/1.2.11-omkpbe2/include:/cvmfs/cms.cern.ch/slc6_amd64_gcc700/external/cascade/2.2.04-gnimlf3/include:/cvmfs/cms.cern.ch/slc6_amd64_gcc700/external/bz2lib/1.0.6-omkpbe2/include:/cvmfs/cms.cern.ch/slc6_amd64_gcc700/external/python/2.7.14-omkpbe4/include/python2.7:/cvmfs/cms.cern.ch/slc6_amd64_gcc700/external/tinyxml2/6.2.0/include:/cvmfs/cms.cern.ch/slc6_amd64_gcc700/external/ittnotify/16.06.18-gnimlf/include:/cvmfs/cms.cern.ch/slc6_amd64_gcc700/external/gosamcontrib/2.0-20150803-omkpbe2/include:/usr/local/include:/usr/include";
export WORKER_DATA_PATH="/cvmfs/cms.cern.ch/slc6_amd64_gcc700/external/blackhat/0.9.9-omkpbe4/share/blackhat/datafiles/";
export GCC_RUNTIME_UBSAN="/cvmfs/cms.cern.ch/slc6_amd64_gcc700/external/gcc/7.0.0-omkpbe2/lib64/libubsan.so";
export G4LEDATA="/cvmfs/cms.cern.ch/slc6_amd64_gcc700/external/geant4-G4EMLOW/7.3/data/G4EMLOW7.3";
export G4NEUTRONHPDATA="/cvmfs/cms.cern.ch/slc6_amd64_gcc700/external/geant4-G4NDL/4.5/data/G4NDL4.5";
export G4ENSDFSTATEDATA="/cvmfs/cms.cern.ch/slc6_amd64_gcc700/external/geant4-G4ENSDFSTATE/2.2/data/G4ENSDFSTATE2.2";
export SHERPA_SHARE_PATH="/cvmfs/cms.cern.ch/slc6_amd64_gcc700/external/sherpa/2.2.6-gnimlf/share/SHERPA-MC";
export GCC_RUNTIME_TSAN="/cvmfs/cms.cern.ch/slc6_amd64_gcc700/external/gcc/7.0.0-omkpbe2/lib64/libtsan.so";
export PYTHON27PATH="/pool/condor/dir_22321/CMSSW_10_2_16_patch1/python:/pool/condor/dir_22321/CMSSW_10_2_16_patch1/lib/slc6_amd64_gcc700:/cvmfs/cms.cern.ch/slc6_amd64_gcc700/cms/cmssw-patch/CMSSW_10_2_16_patch1/python:/cvmfs/cms.cern.ch/slc6_amd64_gcc700/cms/cmssw-patch/CMSSW_10_2_16_patch1/lib/slc6_amd64_gcc700:/cvmfs/cms.cern.ch/slc6_amd64_gcc700/cms/cmssw/CMSSW_10_2_16/bin/slc6_amd64_gcc700:/cvmfs/cms.cern.ch/slc6_amd64_gcc700/cms/cmssw/CMSSW_10_2_16/lib/slc6_amd64_gcc700:/cvmfs/cms.cern.ch/slc6_amd64_gcc700/cms/coral/CORAL_2_3_21-gnimlf9/slc6_amd64_gcc700/python:/cvmfs/cms.cern.ch/slc6_amd64_gcc700/cms/coral/CORAL_2_3_21-gnimlf9/slc6_amd64_gcc700/lib:/cvmfs/cms.cern.ch/slc6_amd64_gcc700/external/xrootd/4.8.3-gnimlf/lib/python2.7/site-packages:/cvmfs/cms.cern.ch/slc6_amd64_gcc700/external/fastjet/3.3.0-omkpbe/lib/python2.7/site-packages:/cvmfs/cms.cern.ch/slc6_amd64_gcc700/cms/cmssw-patch-tool-conf/CMSSW_10_2_16/lib/python2.7/site-packages";
subject   : /DC=ch/DC=cern/OU=Organic Units/OU=Users/CN=shigginb/CN=785176/CN=Sam Higginbotham/CN=1283268278
issuer    : /DC=ch/DC=cern/OU=Organic Units/OU=Users/CN=shigginb/CN=785176/CN=Sam Higginbotham
identity  : /DC=ch/DC=cern/OU=Organic Units/OU=Users/CN=shigginb/CN=785176/CN=Sam Higginbotham
type      : RFC3820 compliant impersonation proxy
strength  : 2048
path      : /afs/cern.ch/user/s/shigginb/private/x509up
timeleft  : 47:20:42
key usage : Digital Signature, Key Encipherment
=== VO cms extension information ===
VO        : cms
subject   : /DC=ch/DC=cern/OU=Organic Units/OU=Users/CN=shigginb/CN=785176/CN=Sam Higginbotham
issuer    : /DC=ch/DC=cern/OU=computers/CN=voms2.cern.ch
attribute : /cms/Role=NULL/Capability=NULL
timeleft  : 47:20:42
uri       : voms2.cern.ch:15002

subject   : /DC=ch/DC=cern/OU=Organic Units/OU=Users/CN=shigginb/CN=785176/CN=Sam Higginbotham/CN=1283268278
issuer    : /DC=ch/DC=cern/OU=Organic Units/OU=Users/CN=shigginb/CN=785176/CN=Sam Higginbotham
identity  : /DC=ch/DC=cern/OU=Organic Units/OU=Users/CN=shigginb/CN=785176/CN=Sam Higginbotham
type      : RFC3820 compliant impersonation proxy
strength  : 2048
path      : /afs/cern.ch/user/s/shigginb/private/x509up
timeleft  : 47:20:41
key usage : Digital Signature, Key Encipherment
=== VO cms extension information ===
VO        : cms
subject   : /DC=ch/DC=cern/OU=Organic Units/OU=Users/CN=shigginb/CN=785176/CN=Sam Higginbotham
issuer    : /DC=ch/DC=cern/OU=computers/CN=voms2.cern.ch
attribute : /cms/Role=NULL/Capability=NULL
timeleft  : 47:20:41
uri       : voms2.cern.ch:15002

/pool/condor/dir_22321
Using selections:
{'em': {'ele_iso_f': False, 'mu_dz': 0.2, 'mu_iso': 0.4, 'ele_ID': False, 'ele_dxy': 0.045, 'mu_eta': 2.4, 'ele_pt': 10, 'ele_eta': 2.5, 'mu_dxy': 0.045, 'ele_dz': 0.2, 'ele_convVeto': True, 'mu_type': False, 'lt_DR': 0.5, 'mu_pt': 10.0, 'mu_iso_f': False, 'mu_ID': False, 'ele_iso': 0.3, 'em_DR': 0.3, 'ele_lostHits': 1}, 'mt': {'mu_dz': 0.2, 'tau_vEle': 1, 'tau_ID': 0, 'mu_iso': 0.3, 'tau_vJet': 1, 'mu_eta': 2.4, 'tau_pt': 18.5, 'mt_DR': 0.5, 'tau_antiEle': 0, 'tau_antiMu': 0, 'tau_vMu': 8, 'tau_eemt_antiMu': 3, 'tau_decayMode': True, 'mu_type': False, 'tau_eta': 2.3, 'lt_DR': 0.5, 'mu_dxy': 0.045, 'tau_dz': 0.2, 'mu_iso_f': False, 'mu_ID': False, 'mu_pt': 5.0}, 'ee': {'ele_iso_f': True, 'ele_dz': 0.2, 'ele_convVeto': True, 'ele_ID': True, 'ele_dxy': 0.045, 'ele_pt': 10.0, 'ele_iso': 0.2, 'ele_eta': 2.5, 'ele_lostHits': 1}, 'trig': {'doubleLepton': False, 'singleLepton': False}, 'mll': {'mll_low': 0.0, 'mll_high': 200.0}, 'mm': {'mu_pt': 5.0, 'mu_dz': 0.2, 'mu_iso': 0.25, 'mu_type': True, 'mu_eta': 2.4, 'mu_dxy': 0.045, 'mu_iso_f': True, 'mu_ID': True}, 'et': {'ele_iso_f': False, 'tau_vEle': 32, 'tt_DR': 0.5, 'ele_ID': False, 'ele_dxy': 0.045, 'tau_eeet_antiEle': 8, 'ele_pt': 10, 'tau_pt': 20, 'tau_antiMu': 0, 'tau_antiEle': 0, 'tau_ID': 0, 'tau_eta': 2.3, 'ele_eta': 2.5, 'tau_decayMode': True, 'ele_dz': 0.2, 'ele_convVeto': True, 'tau_vMu': 1, 'lt_DR': 0.5, 'tau_dz': 0.2, 'ele_iso': 0.3, 'tau_vJet': 1, 'ele_lostHits': 1}, 'tt': {'tau_pt': 20, 'tt_DR': 0.5, 'tau_eta': 2.3, 'tau_vJet': 1, 'lt_DR': 0.5, 'tau_dz': 0.2, 'tau_vEle': 1, 'tau_antiEle': 0, 'tau_antiMu': 0, 'tau_vMu': 1}}
args=Namespace(category='none', dataType='MC', doSystematics='false', genMatch=1, inFileName='inFile.root', maxPrint=0, nEvents=0, nickName='HToAAToMuMuTauTau_M50', outFileName='HToAAToMuMuTauTau_M50_000.root', selection='HAA', testMode='', unique='none', verbose=0, weights=1, year=2016)
Opening inFile.root as input.  Event category mmmt
nentries=205050 nMax=205050
this is MC, will get PU etc MC
hData=Name: pileup Title: pileup NbinsX: 99
Opening MC pileup file = MC_2016.root
fMC=Name: MC_2016.root Title: 
sum of pData=1.000000
sum of pMC=1.000172
In generalFunctions.pileUpWeight.calculateWeights() :
 nickName=HToAAToMuMuTauTau_M50 year=2016 lumi=35.9 /fb xSec=1000.000 fb nMC=599803.0 weight=0.059853
systematics False ['']
In generalFunctions.getOutFileName() args.outFileName=HToAAToMuMuTauTau_M50_000.root
In generalFunctions.getOutFileName() args.outFileName=HToAAToMuMuTauTau_M50_000.root
Will be saving the Weights in HToAAToMuMuTauTau_M50_000.weights
Opening HToAAToMuMuTauTau_M50_000.ntup as output.
Count=0
Count=1000
Count=2000
Count=3000
Count=4000
Count=5000
Count=6000
15
Count=7000
36
Count=8000
Count=9000
Count=10000
-15
Count=20000
Count=30000
36
-15
Count=40000
Count=50000
15
-15
-5232
Count=60000
Count=70000
5
15
Count=80000
-15
-15
Count=90000
-15
15
-15
-15
15
-15
Count=100000
15
15
4
-15
Count=110000
-15
15
36
Count=120000
-15
15
Count=130000
Count=140000
15
4
5
15
Count=150000
Count=160000
-4
-15
-4
Count=170000
-4
4
Count=180000
-5
-4
36
Count=190000
-15
521
15
Count=200000
Run time=377.58 s  time/event=1841.4 us

Summary for mmmt
All             205050    N/A
InJSON          205050    N/A
METfilter       204841   99.9%
Trigger         204841    N/A
GoodTauPair       4093    2.0%
9 mmmt 0
In outTuple.writeTree() entries=4093
Using selections:
{'em': {'ele_iso_f': False, 'mu_dz': 0.2, 'mu_iso': 0.4, 'ele_ID': False, 'ele_dxy': 0.045, 'mu_eta': 2.4, 'ele_pt': 10, 'ele_eta': 2.5, 'mu_dxy': 0.045, 'ele_dz': 0.2, 'ele_convVeto': True, 'mu_type': False, 'lt_DR': 0.5, 'mu_pt': 10.0, 'mu_iso_f': False, 'mu_ID': False, 'ele_iso': 0.3, 'em_DR': 0.3, 'ele_lostHits': 1}, 'mt': {'mu_dz': 0.2, 'tau_vEle': 1, 'tau_ID': 0, 'mu_iso': 0.3, 'tau_vJet': 1, 'mu_eta': 2.4, 'tau_pt': 18.5, 'mt_DR': 0.5, 'tau_antiEle': 0, 'tau_antiMu': 0, 'tau_vMu': 8, 'tau_eemt_antiMu': 3, 'tau_decayMode': True, 'mu_type': False, 'tau_eta': 2.3, 'lt_DR': 0.5, 'mu_dxy': 0.045, 'tau_dz': 0.2, 'mu_iso_f': False, 'mu_ID': False, 'mu_pt': 5.0}, 'ee': {'ele_iso_f': True, 'ele_dz': 0.2, 'ele_convVeto': True, 'ele_ID': True, 'ele_dxy': 0.045, 'ele_pt': 10.0, 'ele_iso': 0.2, 'ele_eta': 2.5, 'ele_lostHits': 1}, 'trig': {'doubleLepton': False, 'singleLepton': False}, 'mll': {'mll_low': 0.0, 'mll_high': 200.0}, 'mm': {'mu_pt': 5.0, 'mu_dz': 0.2, 'mu_iso': 0.25, 'mu_type': True, 'mu_eta': 2.4, 'mu_dxy': 0.045, 'mu_iso_f': True, 'mu_ID': True}, 'et': {'ele_iso_f': False, 'tau_vEle': 32, 'tt_DR': 0.5, 'ele_ID': False, 'ele_dxy': 0.045, 'tau_eeet_antiEle': 8, 'ele_pt': 10, 'tau_pt': 20, 'tau_antiMu': 0, 'tau_antiEle': 0, 'tau_ID': 0, 'tau_eta': 2.3, 'ele_eta': 2.5, 'tau_decayMode': True, 'ele_dz': 0.2, 'ele_convVeto': True, 'tau_vMu': 1, 'lt_DR': 0.5, 'tau_dz': 0.2, 'ele_iso': 0.3, 'tau_vJet': 1, 'ele_lostHits': 1}, 'tt': {'tau_pt': 20, 'tt_DR': 0.5, 'tau_eta': 2.3, 'tau_vJet': 1, 'lt_DR': 0.5, 'tau_dz': 0.2, 'tau_vEle': 1, 'tau_antiEle': 0, 'tau_antiMu': 0, 'tau_vMu': 1}}
args=Namespace(category='none', dataType='MC', doSystematics='false', genMatch=1, inFileName='inFile.root', maxPrint=0, nEvents=0, nickName='HToAAToMuMuTauTau_M50', outFileName='HToAAToMuMuTauTau_M50_001.root', selection='HAA', testMode='', unique='none', verbose=0, weights=1, year=2016)
Opening inFile.root as input.  Event category mmmt
nentries=36625 nMax=36625
this is MC, will get PU etc MC
hData=Name: pileup Title: pileup NbinsX: 99
Opening MC pileup file = MC_2016.root
fMC=Name: MC_2016.root Title: 
sum of pData=1.000000
sum of pMC=1.000172
In generalFunctions.pileUpWeight.calculateWeights() :
 nickName=HToAAToMuMuTauTau_M50 year=2016 lumi=35.9 /fb xSec=1000.000 fb nMC=599803.0 weight=0.059853
systematics False ['']
In generalFunctions.getOutFileName() args.outFileName=HToAAToMuMuTauTau_M50_001.root
In generalFunctions.getOutFileName() args.outFileName=HToAAToMuMuTauTau_M50_001.root
Will be saving the Weights in HToAAToMuMuTauTau_M50_001.weights
Opening HToAAToMuMuTauTau_M50_001.ntup as output.
Count=0
Count=1000
Count=2000
Count=3000
Count=4000
Count=5000
15
Count=6000
Count=7000
Count=8000
Count=9000
Count=10000
Count=20000
-4
Count=30000
Run time=65.89 s  time/event=1799.0 us

Summary for mmmt
All              36625    N/A
InJSON           36625    N/A
METfilter        36597   99.9%
Trigger          36597    N/A
GoodTauPair        705    1.9%
9 mmmt 0
In outTuple.writeTree() entries=705
hadd Target file: all_HToAAToMuMuTauTau_M50_001.root
hadd compression setting for all output: 1
hadd Source file 1: HToAAToMuMuTauTau_M50_000.ntup
hadd Source file 2: HToAAToMuMuTauTau_M50_001.ntup
hadd Source file 3: HToAAToMuMuTauTau_M50_000.weights
hadd Source file 4: HToAAToMuMuTauTau_M50_001.weights
hadd Target path: all_HToAAToMuMuTauTau_M50_001.root:/
