000 (401575.000.000) 06/01 14:06:21 Job submitted from host: <137.138.44.55:9618?addrs=137.138.44.55-9618+[2001-1458-d00-1a--48]-9618&alias=bigbird17.cern.ch&noUDP&sock=schedd_2910_98af_206>
...
040 (401575.000.000) 06/01 14:24:38 Started transferring input files
	Transferring to host: <188.184.139.185:9618?addrs=188.184.139.185-9618+[2001-1458-301-45--100-1b5]-9618&noUDP&sock=23633_561a_12475>
...
040 (401575.000.000) 06/01 14:24:38 Finished transferring input files
...
001 (401575.000.000) 06/01 14:24:39 Job executing on host: <188.184.139.185:9618?addrs=188.184.139.185-9618+[2001-1458-301-45--100-1b5]-9618&noUDP&sock=5616_aff6_3>
...
006 (401575.000.000) 06/01 14:24:48 Image size of job updated: 3880
	3  -  MemoryUsage of job (MB)
	2580  -  ResidentSetSize of job (KB)
...
006 (401575.000.000) 06/01 14:29:49 Image size of job updated: 143596
	141  -  MemoryUsage of job (MB)
	143596  -  ResidentSetSize of job (KB)
...
006 (401575.000.000) 06/01 14:34:49 Image size of job updated: 144964
	142  -  MemoryUsage of job (MB)
	144964  -  ResidentSetSize of job (KB)
...
006 (401575.000.000) 06/01 14:37:01 Image size of job updated: 145520
	142  -  MemoryUsage of job (MB)
	144964  -  ResidentSetSize of job (KB)
...
040 (401575.000.000) 06/01 14:37:01 Started transferring output files
...
040 (401575.000.000) 06/01 14:37:01 Finished transferring output files
...
005 (401575.000.000) 06/01 14:37:01 Job terminated.
	(1) Normal termination (return value 1)
		Usr 0 00:11:53, Sys 0 00:00:04  -  Run Remote Usage
		Usr 0 00:00:00, Sys 0 00:00:00  -  Run Local Usage
		Usr 0 00:11:53, Sys 0 00:00:04  -  Total Remote Usage
		Usr 0 00:00:00, Sys 0 00:00:00  -  Total Local Usage
	1369055  -  Run Bytes Sent By Job
	421739  -  Run Bytes Received By Job
	1369055  -  Total Bytes Sent By Job
	421739  -  Total Bytes Received By Job
	Partitionable Resources :    Usage  Request Allocated 
	   Cpus                 :     1.00        2         2 
	   Disk (KB)            :  2254         425    304438 
	   Memory (MB)          :   142        4000      4000 
...
